<?xml version="1.0" encoding="UTF-8"?>
<!-- Generated by org.testng.reporters.JUnitReportReporter -->
<testsuite hostname="LAPTOP-0VNVDE1H" failures="0" tests="1" name="testCase.TC_004_SearchProductsWithoutConsumer" time="0.615" errors="0" timestamp="2024-02-21T01:36:48 IST" skipped="0">
  <testcase classname="testCase.TC_004_SearchProductsWithoutConsumer" name="testSearchWithoutConsumer" time="0.615"/>
</testsuite> <!-- testCase.TC_004_SearchProductsWithoutConsumer -->
