<?xml version="1.0" encoding="UTF-8"?>
<!-- Generated by org.testng.reporters.JUnitReportReporter -->
<testsuite hostname="LAPTOP-0VNVDE1H" failures="0" tests="1" name="testCase.TC_006_Wishlist" time="2.958" errors="0" timestamp="2024-02-21T01:36:48 IST" skipped="0">
  <testcase classname="testCase.TC_006_Wishlist" name="Wishlist" time="2.958"/>
</testsuite> <!-- testCase.TC_006_Wishlist -->
