<?xml version="1.0" encoding="UTF-8"?>
<!-- Generated by org.testng.reporters.JUnitReportReporter -->
<testsuite hostname="LAPTOP-0VNVDE1H" failures="0" tests="5" name="testCase.TC_003_LoginDDT" time="54.181" errors="0" timestamp="2023-12-19T21:22:52 IST" skipped="0">
  <testcase classname="testCase.TC_003_LoginDDT" name="test_login_DDT" time="10.824"/>
  <testcase classname="testCase.TC_003_LoginDDT" name="test_login_DDT" time="11.654"/>
  <testcase classname="testCase.TC_003_LoginDDT" name="test_login_DDT" time="10.348"/>
  <testcase classname="testCase.TC_003_LoginDDT" name="test_login_DDT" time="10.689"/>
  <testcase classname="testCase.TC_003_LoginDDT" name="test_login_DDT" time="10.666"/>
</testsuite> <!-- testCase.TC_003_LoginDDT -->
