<?xml version="1.0" encoding="UTF-8"?>
<!-- Generated by org.testng.reporters.JUnitReportReporter -->
<testsuite hostname="LAPTOP-0VNVDE1H" failures="0" tests="1" name="testCase.TC_005_SearchProductsWithConsumer" time="2.825" errors="0" timestamp="2024-02-21T01:36:48 IST" skipped="0">
  <testcase classname="testCase.TC_005_SearchProductsWithConsumer" name="test_product_search_with_consumer" time="2.825"/>
</testsuite> <!-- testCase.TC_005_SearchProductsWithConsumer -->
