<?xml version="1.0" encoding="UTF-8"?>
<!-- Generated by org.testng.reporters.JUnitReportReporter -->
<testsuite hostname="LAPTOP-0VNVDE1H" failures="0" tests="1" name="testCase.TC_002_LoginTest" time="2.313" errors="0" timestamp="2023-12-17T14:05:19 IST" skipped="0">
  <testcase classname="testCase.TC_002_LoginTest" name="test_login" time="2.313"/>
</testsuite> <!-- testCase.TC_002_LoginTest -->
