<?xml version="1.0" encoding="UTF-8"?>
<!-- Generated by org.testng.reporters.JUnitReportReporter -->
<testsuite hostname="LAPTOP-0VNVDE1H" failures="0" tests="5" name="testCase.TC_003_LoginDDT" time="53.877" errors="0" timestamp="2023-12-10T19:07:38 IST" skipped="0">
  <testcase classname="testCase.TC_003_LoginDDT" name="test_login_DDT" time="10.784"/>
  <testcase classname="testCase.TC_003_LoginDDT" name="test_login_DDT" time="10.662"/>
  <testcase classname="testCase.TC_003_LoginDDT" name="test_login_DDT" time="10.802"/>
  <testcase classname="testCase.TC_003_LoginDDT" name="test_login_DDT" time="10.927"/>
  <testcase classname="testCase.TC_003_LoginDDT" name="test_login_DDT" time="10.702"/>
</testsuite> <!-- testCase.TC_003_LoginDDT -->
