<?xml version="1.0" encoding="UTF-8"?>
<!-- Generated by org.testng.reporters.JUnitReportReporter -->
<testsuite hostname="LAPTOP-0VNVDE1H" failures="0" tests="2" name="testCase.TC_002_003_Login_LogoutTest" time="1.569" errors="0" timestamp="2024-10-14T01:36:37 IST" skipped="0">
  <testcase classname="testCase.TC_002_003_Login_LogoutTest" name="test_login" time="1.249"/>
  <testcase classname="testCase.TC_002_003_Login_LogoutTest" name="LogoutTest" time="0.320"/>
</testsuite> <!-- testCase.TC_002_003_Login_LogoutTest -->
