<?xml version="1.0" encoding="UTF-8"?>
<!-- Generated by org.testng.reporters.JUnitReportReporter -->
<testsuite hostname="LAPTOP-0VNVDE1H" failures="0" tests="1" name="testCase.TC_002_LoginTest" time="1.117" errors="0" timestamp="2023-12-27T20:32:25 IST" skipped="0">
  <testcase classname="testCase.TC_002_LoginTest" name="test_login" time="1.117"/>
</testsuite> <!-- testCase.TC_002_LoginTest -->
