<?xml version="1.0" encoding="UTF-8"?>
<!-- Generated by org.testng.reporters.JUnitReportReporter -->
<testsuite hostname="LAPTOP-0VNVDE1H" failures="0" tests="1" name="testCase.TC_001_AccountRegistrationTest" time="4.775" errors="0" timestamp="2023-12-27T20:32:25 IST" skipped="0">
  <testcase classname="testCase.TC_001_AccountRegistrationTest" name="Test_Account_Registration" time="4.775"/>
</testsuite> <!-- testCase.TC_001_AccountRegistrationTest -->
